<?xml version="1.0" encoding="UTF-8"?>
<!-- Generated by org.testng.reporters.JUnitReportReporter -->
<testsuite hostname="51-C04-030" name="com.example.FormTest" tests="4" failures="0" timestamp="13 Jan 2018 03:31:04 GMT" time="0.613" errors="0">
  <testcase name="doGet" time="0.574" classname="com.example.FormTest"/>
  <testcase name="doGet" time="0.012" classname="com.example.FormTest"/>
  <testcase name="doGet" time="0.015" classname="com.example.FormTest"/>
  <testcase name="doGet" time="0.012" classname="com.example.FormTest"/>
</testsuite> <!-- com.example.FormTest -->
